Building feature extraction tables... Building feature extraction tables... done.
Loaded model from models\cantstop\self_play\model_iter_003_accepted.pt
  Self-play iteration: 3
  Win rate: 51.0%
  Val loss: 1.7866
[inference-server] started on device=cuda, initial model=models\cantstop\self_play\model_iter_003_accepted.pt
Loaded model from models\cantstop\self_play\model_iter_003_accepted.pt
  Self-play iteration: 3
  Win rate: 51.0%
  Val loss: 1.7866
[inference-server] model updated from models\cantstop\self_play\model_iter_003_accepted.pt
Building feature extraction tables... Building feature extraction tables... Building feature extraction tables... Building feature extraction tables... Building feature extraction tables... Building feature extraction tables... Building feature extraction tables... Building feature extraction tables... done.
done.
done.
done.
done.
done.
done.
done.
Building feature extraction tables... Building feature extraction tables... Building feature extraction tables... Building feature extraction tables... Building feature extraction tables... Building feature extraction tables... Building feature extraction tables... Building feature extraction tables... done.
Loaded model from sweep_logs\out_w04_i32\_eval_new_tmp.pt
Loaded model from models\cantstop\self_play\model_iter_003_accepted.pt
  Self-play iteration: 3
  Win rate: 51.0%
  Val loss: 1.7866
done.
Loaded model from sweep_logs\out_w04_i32\_eval_new_tmp.pt
Loaded model from models\cantstop\self_play\model_iter_003_accepted.pt
  Self-play iteration: 3
  Win rate: 51.0%
  Val loss: 1.7866
done.
Loaded model from sweep_logs\out_w04_i32\_eval_new_tmp.pt
Loaded model from models\cantstop\self_play\model_iter_003_accepted.pt
  Self-play iteration: 3
  Win rate: 51.0%
  Val loss: 1.7866
done.
Loaded model from sweep_logs\out_w04_i32\_eval_new_tmp.pt
Loaded model from models\cantstop\self_play\model_iter_003_accepted.pt
  Self-play iteration: 3
  Win rate: 51.0%
  Val loss: 1.7866
done.
Loaded model from sweep_logs\out_w04_i32\_eval_new_tmp.pt
Loaded model from models\cantstop\self_play\model_iter_003_accepted.pt
  Self-play iteration: 3
  Win rate: 51.0%
  Val loss: 1.7866
done.
Loaded model from sweep_logs\out_w04_i32\_eval_new_tmp.pt
Loaded model from models\cantstop\self_play\model_iter_003_accepted.pt
  Self-play iteration: 3
  Win rate: 51.0%
  Val loss: 1.7866
done.
Loaded model from sweep_logs\out_w04_i32\_eval_new_tmp.pt
Loaded model from models\cantstop\self_play\model_iter_003_accepted.pt
  Self-play iteration: 3
  Win rate: 51.0%
  Val loss: 1.7866
done.
Loaded model from sweep_logs\out_w04_i32\_eval_new_tmp.pt
Loaded model from models\cantstop\self_play\model_iter_003_accepted.pt
  Self-play iteration: 3
  Win rate: 51.0%
  Val loss: 1.7866
[inference-server] shutdown. 47346 batches, 159070 requests, avg batch=3.4, 358 batches/s, 132.1s wall
done.

=======================================================
  Can't Stop MCTS Self-Play
=======================================================
  Device:        cuda
  GPU:           NVIDIA GeForce RTX 3070 Laptop GPU
  Workers:       8 (CPU)
  Iterations:    1
  Games/iter:    200
  MCTS sims:     200
  Inflight:      32 (async scheduler)
  Warmup:        4 sequential sims/search
  Buffer size:   200,000
  Sample size:   100,000
  Train epochs:  3
  Eval games:    50 @ 20 sims (CPU MCTS)
  Accept floor:  0%
=======================================================

Loaded model from models\cantstop\self_play\model_iter_003_accepted.pt
  Self-play iteration: 3
  Win rate: 51.0%
  Val loss: 1.7866

  Starting inference server (device=cuda, num_workers=8)...

───────────────────────────────────────────────────────
  Iteration 1/1 | Temp: 1.00 | Sims: 200 | Buffer: 0
───────────────────────────────────────────────────────

  Generating 200 MCTS games (200 sims/move, 8 workers, GPU inference)...
  Generated 13,380 records in 102.7s (1.95 games/s)
  Buffer: 13,380 / 200,000

  Training on 12,089 records (val: 1,291 | buffer: 13,380) for 3 epochs [on-device]...
    Epoch 1/3 | Train: 1.9854 | Val: 1.9639 | Policy match (vs MCTS argmax): 0.678 | Entropy: 1.330
    Epoch 2/3 | Train: 1.9602 | Val: 1.9543 | Policy match (vs MCTS argmax): 0.701 | Entropy: 1.346
    Epoch 3/3 | Train: 1.9520 | Val: 1.9492 | Policy match (vs MCTS argmax): 0.701 | Entropy: 1.352

  Evaluating new vs old (50 MCTS games @ 20 sims, 8 workers)...
  Eval done in 26.0s (1.9 games/s aggregate)
  New model: 10/50 (20.0%)  draws: 0
  Old model: 40/50 (80.0%)

  ✓ ACCEPTED (20.0% >= 0%)
  Saved iteration checkpoint: sweep_logs\out_w04_i32\model_iter_001_accepted.pt
  Updated best model:         sweep_logs\out_w04_i32\best_model.pt

  Time: 131.1s | Accepted: 1 | Rejected: 0

  Stopping inference server...

=======================================================
  MCTS Self-Play Complete!
  Iterations: 1
  Accepted:   1
  Rejected:   0

  Win rate progression:
    Iter  1: 20.0% ✓ (131s)
=======================================================

  Final model: sweep_logs\out_w04_i32\final_20260513_161648.pt
  Best model:  sweep_logs\out_w04_i32\best_model.pt
