Building feature extraction tables... Building feature extraction tables... done.
Loaded model from models\cantstop\self_play\model_iter_003_accepted.pt
  Self-play iteration: 3
  Win rate: 51.0%
  Val loss: 1.7866
[inference-server] started on device=cuda, initial model=models\cantstop\self_play\model_iter_003_accepted.pt
Loaded model from models\cantstop\self_play\model_iter_003_accepted.pt
  Self-play iteration: 3
  Win rate: 51.0%
  Val loss: 1.7866
[inference-server] model updated from models\cantstop\self_play\model_iter_003_accepted.pt
Building feature extraction tables... Building feature extraction tables... Building feature extraction tables... Building feature extraction tables... Building feature extraction tables... Building feature extraction tables... Building feature extraction tables... Building feature extraction tables... done.
done.
done.
done.
done.
done.
done.
done.
Building feature extraction tables... Building feature extraction tables... Building feature extraction tables... Building feature extraction tables... Building feature extraction tables... Building feature extraction tables... Building feature extraction tables... Building feature extraction tables... done.
Loaded model from sweep_logs\out_w04_i08\_eval_new_tmp.pt
Loaded model from models\cantstop\self_play\model_iter_003_accepted.pt
  Self-play iteration: 3
  Win rate: 51.0%
  Val loss: 1.7866
done.
Loaded model from sweep_logs\out_w04_i08\_eval_new_tmp.pt
Loaded model from models\cantstop\self_play\model_iter_003_accepted.pt
  Self-play iteration: 3
  Win rate: 51.0%
  Val loss: 1.7866
done.
Loaded model from sweep_logs\out_w04_i08\_eval_new_tmp.pt
Loaded model from models\cantstop\self_play\model_iter_003_accepted.pt
  Self-play iteration: 3
  Win rate: 51.0%
  Val loss: 1.7866
done.
Loaded model from sweep_logs\out_w04_i08\_eval_new_tmp.pt
Loaded model from models\cantstop\self_play\model_iter_003_accepted.pt
  Self-play iteration: 3
  Win rate: 51.0%
  Val loss: 1.7866
done.
Loaded model from sweep_logs\out_w04_i08\_eval_new_tmp.pt
Loaded model from models\cantstop\self_play\model_iter_003_accepted.pt
  Self-play iteration: 3
  Win rate: 51.0%
  Val loss: 1.7866
done.
Loaded model from sweep_logs\out_w04_i08\_eval_new_tmp.pt
Loaded model from models\cantstop\self_play\model_iter_003_accepted.pt
  Self-play iteration: 3
  Win rate: 51.0%
  Val loss: 1.7866
done.
Loaded model from sweep_logs\out_w04_i08\_eval_new_tmp.pt
Loaded model from models\cantstop\self_play\model_iter_003_accepted.pt
  Self-play iteration: 3
  Win rate: 51.0%
  Val loss: 1.7866
done.
Loaded model from sweep_logs\out_w04_i08\_eval_new_tmp.pt
Loaded model from models\cantstop\self_play\model_iter_003_accepted.pt
  Self-play iteration: 3
  Win rate: 51.0%
  Val loss: 1.7866
[inference-server] shutdown. 106318 batches, 385220 requests, avg batch=3.6, 453 batches/s, 234.7s wall
done.

=======================================================
  Can't Stop MCTS Self-Play
=======================================================
  Device:        cuda
  GPU:           NVIDIA GeForce RTX 3070 Laptop GPU
  Workers:       8 (CPU)
  Iterations:    1
  Games/iter:    200
  MCTS sims:     200
  Inflight:      8 (async scheduler)
  Warmup:        4 sequential sims/search
  Buffer size:   200,000
  Sample size:   100,000
  Train epochs:  3
  Eval games:    50 @ 20 sims (CPU MCTS)
  Accept floor:  0%
=======================================================

Loaded model from models\cantstop\self_play\model_iter_003_accepted.pt
  Self-play iteration: 3
  Win rate: 51.0%
  Val loss: 1.7866

  Starting inference server (device=cuda, num_workers=8)...

───────────────────────────────────────────────────────
  Iteration 1/1 | Temp: 1.00 | Sims: 200 | Buffer: 0
───────────────────────────────────────────────────────

  Generating 200 MCTS games (200 sims/move, 8 workers, GPU inference)...
  Generated 12,976 records in 204.9s (0.98 games/s)
  Buffer: 12,976 / 200,000

  Training on 11,627 records (val: 1,349 | buffer: 12,976) for 3 epochs [on-device]...
    Epoch 1/3 | Train: 1.7955 | Val: 1.9135 | Policy match (vs MCTS argmax): 0.778 | Entropy: 1.228
    Epoch 2/3 | Train: 1.7892 | Val: 1.9102 | Policy match (vs MCTS argmax): 0.775 | Entropy: 1.231
    Epoch 3/3 | Train: 1.7854 | Val: 1.9092 | Policy match (vs MCTS argmax): 0.776 | Entropy: 1.230

  Evaluating new vs old (50 MCTS games @ 20 sims, 8 workers)...
  Eval done in 27.1s (1.8 games/s aggregate)
  New model: 22/50 (44.0%)  draws: 0
  Old model: 28/50 (56.0%)

  ✓ ACCEPTED (44.0% >= 0%)
  Saved iteration checkpoint: sweep_logs\out_w04_i08\model_iter_001_accepted.pt
  Updated best model:         sweep_logs\out_w04_i08\best_model.pt

  Time: 234.4s | Accepted: 1 | Rejected: 0

  Stopping inference server...

=======================================================
  MCTS Self-Play Complete!
  Iterations: 1
  Accepted:   1
  Rejected:   0

  Win rate progression:
    Iter  1: 44.0% ✓ (234s)
=======================================================

  Final model: sweep_logs\out_w04_i08\final_20260513_161249.pt
  Best model:  sweep_logs\out_w04_i08\best_model.pt
