Building feature extraction tables... Building feature extraction tables... done.
Loaded model from models\cantstop\self_play\model_iter_003_accepted.pt
  Self-play iteration: 3
  Win rate: 51.0%
  Val loss: 1.7866
[inference-server] started on device=cuda, initial model=models\cantstop\self_play\model_iter_003_accepted.pt
Loaded model from models\cantstop\self_play\model_iter_003_accepted.pt
  Self-play iteration: 3
  Win rate: 51.0%
  Val loss: 1.7866
[inference-server] model updated from models\cantstop\self_play\model_iter_003_accepted.pt
Building feature extraction tables... Building feature extraction tables... Building feature extraction tables... Building feature extraction tables... Building feature extraction tables... Building feature extraction tables... Building feature extraction tables... Building feature extraction tables... done.
done.
done.
done.
done.
done.
done.
Building feature extraction tables... Building feature extraction tables... Building feature extraction tables... Building feature extraction tables... Building feature extraction tables... Building feature extraction tables... Building feature extraction tables... Building feature extraction tables... done.
Loaded model from sweep_logs\out_w04_i01\_eval_new_tmp.pt
Loaded model from models\cantstop\self_play\model_iter_003_accepted.pt
  Self-play iteration: 3
  Win rate: 51.0%
  Val loss: 1.7866
done.
Loaded model from sweep_logs\out_w04_i01\_eval_new_tmp.pt
Loaded model from models\cantstop\self_play\model_iter_003_accepted.pt
  Self-play iteration: 3
  Win rate: 51.0%
  Val loss: 1.7866
done.
Loaded model from sweep_logs\out_w04_i01\_eval_new_tmp.pt
Loaded model from models\cantstop\self_play\model_iter_003_accepted.pt
  Self-play iteration: 3
  Win rate: 51.0%
  Val loss: 1.7866
done.
Loaded model from sweep_logs\out_w04_i01\_eval_new_tmp.pt
Loaded model from models\cantstop\self_play\model_iter_003_accepted.pt
  Self-play iteration: 3
  Win rate: 51.0%
  Val loss: 1.7866
done.
Loaded model from sweep_logs\out_w04_i01\_eval_new_tmp.pt
Loaded model from models\cantstop\self_play\model_iter_003_accepted.pt
  Self-play iteration: 3
  Win rate: 51.0%
  Val loss: 1.7866
done.
Loaded model from sweep_logs\out_w04_i01\_eval_new_tmp.pt
Loaded model from models\cantstop\self_play\model_iter_003_accepted.pt
  Self-play iteration: 3
  Win rate: 51.0%
  Val loss: 1.7866
done.
Loaded model from sweep_logs\out_w04_i01\_eval_new_tmp.pt
Loaded model from models\cantstop\self_play\model_iter_003_accepted.pt
  Self-play iteration: 3
  Win rate: 51.0%
  Val loss: 1.7866
done.
Loaded model from sweep_logs\out_w04_i01\_eval_new_tmp.pt
Loaded model from models\cantstop\self_play\model_iter_003_accepted.pt
  Self-play iteration: 3
  Win rate: 51.0%
  Val loss: 1.7866
[inference-server] shutdown. 99348 batches, 342644 requests, avg batch=3.4, 445 batches/s, 223.2s wall
done.

=======================================================
  Can't Stop MCTS Self-Play
=======================================================
  Device:        cuda
  GPU:           NVIDIA GeForce RTX 3070 Laptop GPU
  Workers:       8 (CPU)
  Iterations:    1
  Games/iter:    200
  MCTS sims:     200
  Inflight:      1 (async scheduler)
  Warmup:        4 sequential sims/search
  Buffer size:   200,000
  Sample size:   100,000
  Train epochs:  3
  Eval games:    50 @ 20 sims (CPU MCTS)
  Accept floor:  0%
=======================================================

Loaded model from models\cantstop\self_play\model_iter_003_accepted.pt
  Self-play iteration: 3
  Win rate: 51.0%
  Val loss: 1.7866

  Starting inference server (device=cuda, num_workers=8)...

───────────────────────────────────────────────────────
  Iteration 1/1 | Temp: 1.00 | Sims: 200 | Buffer: 0
───────────────────────────────────────────────────────

  Generating 200 MCTS games (200 sims/move, 8 workers, GPU inference)...
  Generated 13,323 records in 191.7s (1.04 games/s)
  Buffer: 13,323 / 200,000

  Training on 11,999 records (val: 1,324 | buffer: 13,323) for 3 epochs [on-device]...
    Epoch 1/3 | Train: 1.8146 | Val: 1.8393 | Policy match (vs MCTS argmax): 0.774 | Entropy: 1.220
    Epoch 2/3 | Train: 1.8090 | Val: 1.8468 | Policy match (vs MCTS argmax): 0.776 | Entropy: 1.221
    Epoch 3/3 | Train: 1.8054 | Val: 1.8501 | Policy match (vs MCTS argmax): 0.776 | Entropy: 1.223

  Evaluating new vs old (50 MCTS games @ 20 sims, 8 workers)...
  Eval done in 27.8s (1.8 games/s aggregate)
  New model: 20/50 (40.0%)  draws: 0
  Old model: 30/50 (60.0%)

  ✓ ACCEPTED (40.0% >= 0%)
  Saved iteration checkpoint: sweep_logs\out_w04_i01\model_iter_001_accepted.pt
  Updated best model:         sweep_logs\out_w04_i01\best_model.pt

  Time: 221.9s | Accepted: 1 | Rejected: 0

  Stopping inference server...

=======================================================
  MCTS Self-Play Complete!
  Iterations: 1
  Accepted:   1
  Rejected:   0

  Win rate progression:
    Iter  1: 40.0% ✓ (222s)
=======================================================

  Final model: sweep_logs\out_w04_i01\final_20260513_160315.pt
  Best model:  sweep_logs\out_w04_i01\best_model.pt
